<?xml version="1.0" encoding="UTF-8"?>
<!-- Generated by org.testng.reporters.JUnitReportReporter -->
<testsuite hostname="LMMUM-LP-0175" failures="0" tests="2" name="mavenja.seleniumTest" time="0.001" errors="0" timestamp="2022-07-29T11:07:40 IST" skipped="0">
  <testcase classname="mavenja.seleniumTest" name="jiraa" time="0.001"/>
  <system-out/>
  <testcase classname="mavenja.seleniumTest" name="neww" time="0.000"/>
  <system-out/>
</testsuite> <!-- mavenja.seleniumTest -->
