<?xml version="1.0" encoding="UTF-8"?>
<!-- Generated by org.testng.reporters.JUnitReportReporter -->
<testsuite hostname="LMMUM-LP-0175" failures="0" tests="2" name="mavenja.HomeMultipleArray" time="66.146" errors="0" timestamp="2022-07-19T15:05:32 IST" skipped="0">
  <testcase classname="mavenja.HomeMultipleArray" name="baseclassnavigate" time="43.060"/>
  <system-out/>
  <testcase classname="mavenja.HomeMultipleArray" name="baseclassnavigate" time="23.086"/>
  <system-out/>
</testsuite> <!-- mavenja.HomeMultipleArray -->
