<?xml version="1.0" encoding="UTF-8"?>
<!-- Generated by org.testng.reporters.JUnitReportReporter -->
<testsuite hostname="LMMUM-LP-0175" failures="0" tests="1" name="mavenja.ExtentReport" time="10.615" errors="0" timestamp="2022-07-29T11:07:40 IST" skipped="0">
  <testcase classname="mavenja.ExtentReport" name="extent" time="10.615"/>
  <system-out/>
</testsuite> <!-- mavenja.ExtentReport -->
