<?xml version="1.0" encoding="UTF-8"?>
<!-- Generated by org.testng.reporters.JUnitReportReporter -->
<testsuite hostname="LMMUM-LP-0175" failures="0" tests="1" name="mavenja.ApTest" time="0.004" errors="0" timestamp="2022-11-21T16:16:00 IST" skipped="0">
  <testcase classname="mavenja.ApTest" name="api" time="0.004"/>
  <system-out/>
</testsuite> <!-- mavenja.ApTest -->
