<?xml version="1.0" encoding="UTF-8"?>
<!-- Generated by org.testng.reporters.JUnitReportReporter -->
<testsuite hostname="LMMUM-LP-0175" failures="0" tests="2" name="mavenja.seleniumTest" time="0.000" errors="0" timestamp="2022-11-21T16:16:00 IST" skipped="0">
  <testcase classname="mavenja.seleniumTest" name="jiraa" time="0.000"/>
  <system-out/>
  <testcase classname="mavenja.seleniumTest" name="neww" time="0.000"/>
  <system-out/>
</testsuite> <!-- mavenja.seleniumTest -->
